<?xml version="1.0" encoding="UTF-8"?>

<!--
Test managers.  These extend the base managers (defined in managers.xml) with
some test-only information.
-->

<beans xmlns="http://www.springframework.org/schema/beans"
        xmlns:xsi="http://www.w3.org/2001/XMLSchema-instance"
        xmlns:aop="http://www.springframework.org/schema/aop"
        xsi:schemaLocation="http://www.springframework.org/schema/beans
                http://www.springframework.org/schema/beans/spring-beans-2.0.xsd
                http://www.springframework.org/schema/aop
                http://www.springframework.org/schema/aop/spring-aop-2.0.xsd">
    <bean id="typeManager"
            class="com.wavemaker.runtime.service.TypeManager"
            scope="singleton"
            parent="typeManagerBase">
        <property name="types">
            <map merge="true">
                <!-- map of service bean id to lists of the associated type's
                    canonical class names -->
                <entry key="complexReturnBean">
                    <list>
                        <value>com.wavemaker.runtime.server.testspring.ComplexReturnBean</value>
                    </list>
                </entry>
                <entry key="sakiladbspring">
                    <list>
			<value>com.wavemaker.runtime.data.sample.sakila.Address</value>
			<value>com.wavemaker.runtime.data.sample.sakila.City</value>
			<value>com.wavemaker.runtime.data.sample.sakila.Country</value>
                    </list>
                </entry>
                <entry key="complexRuntimeServiceBean">
                    <list>
                        <value>com.wavemaker.tools.spring.ComplexRuntimeServiceBean</value>
                    </list>
                </entry>
            </map>
        </property>
        <property name="serviceManager">
            <ref bean="serviceManager" />
        </property>
    </bean>
</beans>
